C:\USERS\SAMANTHA\DOCUMENTS\ROTATINGCUBE\NTOPOLOGY_CODING_CHALLENGE\DEBUG\NTOPOLOGY_CODING_CHALLENGE.EXE
C:\USERS\SAMANTHA\DOCUMENTS\ROTATINGCUBE\NTOPOLOGY_CODING_CHALLENGE\DEBUG\NTOPOLOGY_CODING_CHALLENGE.ILK
C:\USERS\SAMANTHA\DOCUMENTS\ROTATINGCUBE\NTOPOLOGY_CODING_CHALLENGE\DEBUG\NTOPOLOGY_CODING_CHALLENGE.PDB
C:\USERS\SAMANTHA\DOCUMENTS\ROTATINGCUBE\NTOPOLOGY_CODING_CHALLENGE\NTOPOLOGY_CODING_CHALLENGE\DEBUG\CAMERA.OBJ
C:\Users\Samantha\Documents\RotatingCube\nTopology_Coding_Challenge\nTopology_Coding_Challenge\Debug\cl.command.1.tlog
C:\Users\Samantha\Documents\RotatingCube\nTopology_Coding_Challenge\nTopology_Coding_Challenge\Debug\CL.read.1.tlog
C:\Users\Samantha\Documents\RotatingCube\nTopology_Coding_Challenge\nTopology_Coding_Challenge\Debug\CL.write.1.tlog
C:\Users\Samantha\Documents\RotatingCube\nTopology_Coding_Challenge\nTopology_Coding_Challenge\Debug\link.command.1.tlog
C:\Users\Samantha\Documents\RotatingCube\nTopology_Coding_Challenge\nTopology_Coding_Challenge\Debug\link.read.1.tlog
C:\Users\Samantha\Documents\RotatingCube\nTopology_Coding_Challenge\nTopology_Coding_Challenge\Debug\link.write.1.tlog
C:\USERS\SAMANTHA\DOCUMENTS\ROTATINGCUBE\NTOPOLOGY_CODING_CHALLENGE\NTOPOLOGY_CODING_CHALLENGE\DEBUG\MAIN.OBJ
C:\USERS\SAMANTHA\DOCUMENTS\ROTATINGCUBE\NTOPOLOGY_CODING_CHALLENGE\NTOPOLOGY_CODING_CHALLENGE\DEBUG\MOUSE.OBJ
C:\Users\Samantha\Documents\RotatingCube\nTopology_Coding_Challenge\nTopology_Coding_Challenge\Debug\mt.command.1.tlog
C:\Users\Samantha\Documents\RotatingCube\nTopology_Coding_Challenge\nTopology_Coding_Challenge\Debug\mt.read.1.tlog
C:\Users\Samantha\Documents\RotatingCube\nTopology_Coding_Challenge\nTopology_Coding_Challenge\Debug\mt.write.1.tlog
C:\USERS\SAMANTHA\DOCUMENTS\ROTATINGCUBE\NTOPOLOGY_CODING_CHALLENGE\NTOPOLOGY_CODING_CHALLENGE\DEBUG\NTOPOLOGY_CODING_CHALLENGE.EXE.INTERMEDIATE.MANIFEST
C:\Users\Samantha\Documents\RotatingCube\nTopology_Coding_Challenge\nTopology_Coding_Challenge\Debug\nTopology_Coding_Challenge.vcxprojResolveAssemblyReference.cache
C:\Users\Samantha\Documents\RotatingCube\nTopology_Coding_Challenge\nTopology_Coding_Challenge\Debug\nTopology_Coding_Challenge.write.1.tlog
C:\USERS\SAMANTHA\DOCUMENTS\ROTATINGCUBE\NTOPOLOGY_CODING_CHALLENGE\NTOPOLOGY_CODING_CHALLENGE\DEBUG\OBJLOADER.OBJ
C:\USERS\SAMANTHA\DOCUMENTS\ROTATINGCUBE\NTOPOLOGY_CODING_CHALLENGE\NTOPOLOGY_CODING_CHALLENGE\DEBUG\SHADERUTIL.OBJ
C:\USERS\SAMANTHA\DOCUMENTS\ROTATINGCUBE\NTOPOLOGY_CODING_CHALLENGE\NTOPOLOGY_CODING_CHALLENGE\DEBUG\STB_IMAGE.OBJ
C:\Users\Samantha\Documents\RotatingCube\nTopology_Coding_Challenge\nTopology_Coding_Challenge\Debug\vc100.idb
C:\USERS\SAMANTHA\DOCUMENTS\ROTATINGCUBE\NTOPOLOGY_CODING_CHALLENGE\NTOPOLOGY_CODING_CHALLENGE\DEBUG\VC100.PDB
